<?xml version="1.0" encoding="UTF-8"?>
<!-- Generated by org.testng.reporters.JUnitReportReporter -->
<testsuite hostname="DESKTOP-N9DIR8M" failures="0" tests="2" name="com.karthikbandi.trainingprogram.HandlingMultipleWindowsAndAlertsTest" time="10.302" errors="0" timestamp="2025-08-21T11:45:57 IST" skipped="0">
  <testcase classname="com.karthikbandi.trainingprogram.HandlingMultipleWindowsAndAlertsTest" name="testMultipleWindowsAndAlerts" time="5.407"/>
  <testcase classname="com.karthikbandi.trainingprogram.HandlingMultipleWindowsAndAlertsTest" name="alertTest" time="4.895"/>
</testsuite> <!-- com.karthikbandi.trainingprogram.HandlingMultipleWindowsAndAlertsTest -->
