<?xml version="1.0" encoding="UTF-8"?>
<!-- Generated by org.testng.reporters.JUnitReportReporter -->
<testsuite hostname="DESKTOP-N9DIR8M" failures="0" tests="2" name="com.karthikbandi.trainingprogram.LoginUsingExcelTest" time="14.897" errors="0" timestamp="2025-08-21T12:43:48 IST" skipped="0">
  <testcase classname="com.karthikbandi.trainingprogram.LoginUsingExcelTest" name="loginTest" time="8.508"/>
  <testcase classname="com.karthikbandi.trainingprogram.LoginUsingExcelTest" name="loginTest" time="6.389"/>
</testsuite> <!-- com.karthikbandi.trainingprogram.LoginUsingExcelTest -->
