<?xml version="1.0" encoding="UTF-8"?>
<!-- Generated by org.testng.reporters.JUnitReportReporter -->
<testsuite hostname="DESKTOP-N9DIR8M" failures="0" tests="4" name="com.karthikbandi.trainingprogram.GroupsAndDataProviderTest" time="28.696" errors="0" timestamp="2025-08-19T13:36:15 IST" skipped="0">
  <testcase classname="com.karthikbandi.trainingprogram.GroupsAndDataProviderTest" name="validatingLoginCredsTest" time="5.453"/>
  <testcase classname="com.karthikbandi.trainingprogram.GroupsAndDataProviderTest" name="validatingLoginCredsTest" time="7.170"/>
  <testcase classname="com.karthikbandi.trainingprogram.GroupsAndDataProviderTest" name="validatingLoginCredsTest" time="10.615"/>
  <testcase classname="com.karthikbandi.trainingprogram.GroupsAndDataProviderTest" name="validatingLoginCredsTest" time="5.458"/>
</testsuite> <!-- com.karthikbandi.trainingprogram.GroupsAndDataProviderTest -->
